<?xml version="1.0" encoding="UTF-8"?>
<!-- Generated by org.testng.reporters.JUnitReportReporter -->
<testsuite skipped="24" hostname="DESKTOP-KU75J3L" name="com.luxepass.qa.tests.HomePageflowtest" tests="25" failures="0" timestamp="16 May 2020 15:27:19 GMT" time="17.353" errors="1">
  <testcase name="setUp" time="17.353" classname="com.luxepass.qa.tests.HomePageflowtest">
    <error type="org.openqa.selenium.NoSuchWindowException" message="no such window: target window already closed
from unknown error: web view not found
  (Session info: chrome=81.0.4044.138)
Build info: version: &#039;3.141.59&#039;, revision: &#039;e82be7d358&#039;, time: &#039;2018-11-14T08:17:03&#039;
System info: host: &#039;DESKTOP-KU75J3L&#039;, ip: &#039;192.168.0.4&#039;, os.name: &#039;Windows 10&#039;, os.arch: &#039;amd64&#039;, os.version: &#039;10.0&#039;, java.version: &#039;1.8.0_212&#039;
Driver info: org.openqa.selenium.chrome.ChromeDriver
Capabilities {acceptInsecureCerts: false, browserName: chrome, browserVersion: 81.0.4044.138, chrome: {chromedriverVersion: 80.0.3987.106 (f68069574609..., userDataDir: C:\Users\SHUBHA~1\AppData\L...}, goog:chromeOptions: {debuggerAddress: localhost:55251}, javascriptEnabled: true, networkConnectionEnabled: false, pageLoadStrategy: normal, platform: WINDOWS, platformName: WINDOWS, proxy: Proxy(), setWindowRect: true, strictFileInteractability: false, timeouts: {implicit: 0, pageLoad: 300000, script: 30000}, unhandledPromptBehavior: dismiss and notify}
Session ID: dd08d579136e19e48c2a0ead92681102
*** Element info: {Using=xpath, value=//span[text()=&#039;Login / Signup&#039;]}">
      <![CDATA[org.openqa.selenium.NoSuchWindowException: no such window: target window already closed
from unknown error: web view not found
  (Session info: chrome=81.0.4044.138)
Build info: version: '3.141.59', revision: 'e82be7d358', time: '2018-11-14T08:17:03'
System info: host: 'DESKTOP-KU75J3L', ip: '192.168.0.4', os.name: 'Windows 10', os.arch: 'amd64', os.version: '10.0', java.version: '1.8.0_212'
Driver info: org.openqa.selenium.chrome.ChromeDriver
Capabilities {acceptInsecureCerts: false, browserName: chrome, browserVersion: 81.0.4044.138, chrome: {chromedriverVersion: 80.0.3987.106 (f68069574609..., userDataDir: C:\Users\SHUBHA~1\AppData\L...}, goog:chromeOptions: {debuggerAddress: localhost:55251}, javascriptEnabled: true, networkConnectionEnabled: false, pageLoadStrategy: normal, platform: WINDOWS, platformName: WINDOWS, proxy: Proxy(), setWindowRect: true, strictFileInteractability: false, timeouts: {implicit: 0, pageLoad: 300000, script: 30000}, unhandledPromptBehavior: dismiss and notify}
Session ID: dd08d579136e19e48c2a0ead92681102
*** Element info: {Using=xpath, value=//span[text()='Login / Signup']}
at sun.reflect.NativeConstructorAccessorImpl.newInstance0(Native Method)
at sun.reflect.NativeConstructorAccessorImpl.newInstance(Unknown Source)
at sun.reflect.DelegatingConstructorAccessorImpl.newInstance(Unknown Source)
at java.lang.reflect.Constructor.newInstance(Unknown Source)
at org.openqa.selenium.remote.http.W3CHttpResponseCodec.createException(W3CHttpResponseCodec.java:187)
at org.openqa.selenium.remote.http.W3CHttpResponseCodec.decode(W3CHttpResponseCodec.java:122)
at org.openqa.selenium.remote.http.W3CHttpResponseCodec.decode(W3CHttpResponseCodec.java:49)
at org.openqa.selenium.remote.HttpCommandExecutor.execute(HttpCommandExecutor.java:158)
at org.openqa.selenium.remote.service.DriverCommandExecutor.execute(DriverCommandExecutor.java:83)
at org.openqa.selenium.remote.RemoteWebDriver.execute(RemoteWebDriver.java:552)
at org.openqa.selenium.remote.RemoteWebDriver.findElement(RemoteWebDriver.java:323)
at org.openqa.selenium.remote.RemoteWebDriver.findElementByXPath(RemoteWebDriver.java:428)
at org.openqa.selenium.By$ByXPath.findElement(By.java:353)
at org.openqa.selenium.remote.RemoteWebDriver.findElement(RemoteWebDriver.java:315)
at org.openqa.selenium.support.pagefactory.DefaultElementLocator.findElement(DefaultElementLocator.java:69)
at org.openqa.selenium.support.pagefactory.internal.LocatingElementHandler.invoke(LocatingElementHandler.java:38)
at com.sun.proxy.$Proxy9.click(Unknown Source)
at com.luxepass.qa.pages.LoginPage.login(LoginPage.java:47)
at com.luxepass.qa.tests.HomePageflowtest.setUp(HomePageflowtest.java:48)
at sun.reflect.NativeMethodAccessorImpl.invoke0(Native Method)
at sun.reflect.NativeMethodAccessorImpl.invoke(Unknown Source)
at sun.reflect.DelegatingMethodAccessorImpl.invoke(Unknown Source)
at java.lang.reflect.Method.invoke(Unknown Source)
at org.testng.internal.MethodInvocationHelper.invokeMethod(MethodInvocationHelper.java:124)
at org.testng.internal.MethodInvocationHelper.invokeMethodConsideringTimeout(MethodInvocationHelper.java:59)
at org.testng.internal.Invoker.invokeConfigurationMethod(Invoker.java:458)
at org.testng.internal.Invoker.invokeConfigurations(Invoker.java:222)
at org.testng.internal.Invoker.invokeMethod(Invoker.java:523)
at org.testng.internal.Invoker.invokeTestMethod(Invoker.java:719)
at org.testng.internal.Invoker.invokeTestMethods(Invoker.java:989)
at org.testng.internal.TestMethodWorker.invokeTestMethods(TestMethodWorker.java:125)
at org.testng.internal.TestMethodWorker.run(TestMethodWorker.java:109)
at org.testng.TestRunner.privateRun(TestRunner.java:648)
at org.testng.TestRunner.run(TestRunner.java:505)
at org.testng.SuiteRunner.runTest(SuiteRunner.java:455)
at org.testng.SuiteRunner.runSequentially(SuiteRunner.java:450)
at org.testng.SuiteRunner.privateRun(SuiteRunner.java:415)
at org.testng.SuiteRunner.run(SuiteRunner.java:364)
at org.testng.SuiteRunnerWorker.runSuite(SuiteRunnerWorker.java:52)
at org.testng.SuiteRunnerWorker.run(SuiteRunnerWorker.java:84)
at org.testng.TestNG.runSuitesSequentially(TestNG.java:1208)
at org.testng.TestNG.runSuitesLocally(TestNG.java:1137)
at org.testng.TestNG.runSuites(TestNG.java:1049)
at org.testng.TestNG.run(TestNG.java:1017)
at org.testng.remote.AbstractRemoteTestNG.run(AbstractRemoteTestNG.java:115)
at org.testng.remote.RemoteTestNG.initAndRun(RemoteTestNG.java:251)
at org.testng.remote.RemoteTestNG.main(RemoteTestNG.java:77)
]]>
    </error>
  </testcase> <!-- setUp -->
  <testcase name="homepageTitletest" time="0.000" classname="com.luxepass.qa.tests.HomePageflowtest">
    <skipped/>
  </testcase> <!-- homepageTitletest -->
  <testcase name="howitworkstest" time="0.000" classname="com.luxepass.qa.tests.HomePageflowtest">
    <skipped/>
  </testcase> <!-- howitworkstest -->
  <testcase name="browsehoteltest" time="0.000" classname="com.luxepass.qa.tests.HomePageflowtest">
    <skipped/>
  </testcase> <!-- browsehoteltest -->
  <testcase name="myOrderstest" time="0.000" classname="com.luxepass.qa.tests.HomePageflowtest">
    <skipped/>
  </testcase> <!-- myOrderstest -->
  <testcase name="myprofileicontest" time="0.000" classname="com.luxepass.qa.tests.HomePageflowtest">
    <skipped/>
  </testcase> <!-- myprofileicontest -->
  <testcase name="myaccounttest" time="0.000" classname="com.luxepass.qa.tests.HomePageflowtest">
    <skipped/>
  </testcase> <!-- myaccounttest -->
  <testcase name="poolfiltertest" time="0.000" classname="com.luxepass.qa.tests.HomePageflowtest">
    <skipped/>
  </testcase> <!-- poolfiltertest -->
  <testcase name="gymfiltertest" time="0.000" classname="com.luxepass.qa.tests.HomePageflowtest">
    <skipped/>
  </testcase> <!-- gymfiltertest -->
  <testcase name="spasalonfiltertest" time="0.000" classname="com.luxepass.qa.tests.HomePageflowtest">
    <skipped/>
  </testcase> <!-- spasalonfiltertest -->
  <testcase name="addtofavoritestest" time="0.000" classname="com.luxepass.qa.tests.HomePageflowtest">
    <skipped/>
  </testcase> <!-- addtofavoritestest -->
  <testcase name="browsemorehoteltest" time="0.000" classname="com.luxepass.qa.tests.HomePageflowtest">
    <skipped/>
  </testcase> <!-- browsemorehoteltest -->
  <testcase name="browsemorehowitworkstest" time="0.000" classname="com.luxepass.qa.tests.HomePageflowtest">
    <skipped/>
  </testcase> <!-- browsemorehowitworkstest -->
  <testcase name="sendsmsapplinktest" time="0.000" classname="com.luxepass.qa.tests.HomePageflowtest">
    <skipped/>
  </testcase> <!-- sendsmsapplinktest -->
  <testcase name="sendemailpplinktest" time="0.000" classname="com.luxepass.qa.tests.HomePageflowtest">
    <skipped/>
  </testcase> <!-- sendemailpplinktest -->
  <testcase name="playstoredownloadtest" time="0.000" classname="com.luxepass.qa.tests.HomePageflowtest">
    <skipped/>
  </testcase> <!-- playstoredownloadtest -->
  <testcase name="appstoredownloadtest" time="0.000" classname="com.luxepass.qa.tests.HomePageflowtest">
    <skipped/>
  </testcase> <!-- appstoredownloadtest -->
  <testcase name="sendsubscribeemailtest" time="0.000" classname="com.luxepass.qa.tests.HomePageflowtest">
    <skipped/>
  </testcase> <!-- sendsubscribeemailtest -->
  <testcase name="navigatefooterFAQtest" time="0.000" classname="com.luxepass.qa.tests.HomePageflowtest">
    <skipped/>
  </testcase> <!-- navigatefooterFAQtest -->
  <testcase name="navigatefooterTandctest" time="0.000" classname="com.luxepass.qa.tests.HomePageflowtest">
    <skipped/>
  </testcase> <!-- navigatefooterTandctest -->
  <testcase name="navigatefooterPrivacypolicytest" time="0.000" classname="com.luxepass.qa.tests.HomePageflowtest">
    <skipped/>
  </testcase> <!-- navigatefooterPrivacypolicytest -->
  <testcase name="navigatefooterContactustest" time="0.000" classname="com.luxepass.qa.tests.HomePageflowtest">
    <skipped/>
  </testcase> <!-- navigatefooterContactustest -->
  <testcase name="navigatefooterPartnerwithustest" time="0.000" classname="com.luxepass.qa.tests.HomePageflowtest">
    <skipped/>
  </testcase> <!-- navigatefooterPartnerwithustest -->
  <testcase name="navigateInstasocialpagetest" time="0.000" classname="com.luxepass.qa.tests.HomePageflowtest">
    <skipped/>
  </testcase> <!-- navigateInstasocialpagetest -->
  <testcase name="navigateFBsocialpagetest" time="0.000" classname="com.luxepass.qa.tests.HomePageflowtest">
    <skipped/>
  </testcase> <!-- navigateFBsocialpagetest -->
</testsuite> <!-- com.luxepass.qa.tests.HomePageflowtest -->
